#
# There is insufficient memory for the Java Runtime Environment to continue.
# Native memory allocation (malloc) failed to allocate 702656 bytes for Chunk::new
# Possible reasons:
#   The system is out of physical RAM or swap space
#   The process is running with CompressedOops enabled, and the Java Heap may be blocking the growth of the native heap
# Possible solutions:
#   Reduce memory load on the system
#   Increase physical memory or swap space
#   Check if swap backing store is full
#   Decrease Java heap size (-Xmx/-Xms)
#   Decrease number of Java threads
#   Decrease Java thread stack sizes (-Xss)
#   Set larger code cache with -XX:ReservedCodeCacheSize=
#   JVM is running with Zero Based Compressed Oops mode in which the Java heap is
#     placed in the first 32GB address space. The Java Heap base address is the
#     maximum limit for the native heap growth. Please use -XX:HeapBaseMinAddress
#     to set the Java Heap base and to place the Java Heap above 32GB virtual address.
# This output file may be truncated or incomplete.
#
#  Out of Memory Error (allocation.cpp:389), pid=25500, tid=0x000000000000595c
#
# JRE version: Java(TM) SE Runtime Environment (8.0_271-b09) (build 1.8.0_271-b09)
# Java VM: Java HotSpot(TM) 64-Bit Server VM (25.271-b09 mixed mode windows-amd64 compressed oops)
# Failed to write core dump. Minidumps are not enabled by default on client versions of Windows
#

---------------  T H R E A D  ---------------

Current thread (0x0000029b2856a800):  JavaThread "C2 CompilerThread2" daemon [_thread_in_native, id=22876, stack(0x000000a615b00000,0x000000a615c00000)]

Stack: [0x000000a615b00000,0x000000a615c00000]
Native frames: (J=compiled Java code, j=interpreted, Vv=VM code, C=native code)
V  [jvm.dll+0x33f6c9]
V  [jvm.dll+0x286122]
V  [jvm.dll+0x286dcd]
V  [jvm.dll+0x27d805]
V  [jvm.dll+0xe574c]
V  [jvm.dll+0xe5f4c]
V  [jvm.dll+0x462b72]
V  [jvm.dll+0x49df9d]
V  [jvm.dll+0x452bf1]
V  [jvm.dll+0x44feb4]
V  [jvm.dll+0x43aef7]
V  [jvm.dll+0xbc3eb]
V  [jvm.dll+0xbaa4b]
V  [jvm.dll+0x24e7c2]
V  [jvm.dll+0x2a2dcc]
C  [ucrtbase.dll+0x214c2]
C  [KERNEL32.DLL+0x17034]
C  [ntdll.dll+0x4cec1]


Current CompileTask:
C2:   3132 3033       4       org.languagetool.tagging.disambiguation.rules.DisambiguationPatternRuleReplacer::replace (750 bytes)


---------------  P R O C E S S  ---------------

Java Threads: ( => current thread )
  0x0000029b2b953000 JavaThread "lt-textchecker-thread-0" [_thread_in_Java, id=24232, stack(0x000000a616300000,0x000000a616400000)]
  0x0000029b2b814000 JavaThread "lt-server-thread-1" [_thread_blocked, id=25196, stack(0x000000a616200000,0x000000a616300000)]
  0x0000029b2bc1d000 JavaThread "lt-server-thread-0" [_thread_blocked, id=23436, stack(0x000000a616100000,0x000000a616200000)]
  0x0000029b0d8c2800 JavaThread "DestroyJavaVM" [_thread_blocked, id=16168, stack(0x000000a614900000,0x000000a614a00000)]
  0x0000029b2bc1a000 JavaThread "Thread-2" [_thread_in_native, id=22900, stack(0x000000a616000000,0x000000a616100000)]
  0x0000029b2bc19800 JavaThread "server-timer" daemon [_thread_blocked, id=18340, stack(0x000000a615f00000,0x000000a616000000)]
  0x0000029b2aa43800 JavaThread "Service Thread" daemon [_thread_blocked, id=1528, stack(0x000000a615d00000,0x000000a615e00000)]
  0x0000029b2856e800 JavaThread "C1 CompilerThread3" daemon [_thread_in_native, id=21432, stack(0x000000a615c00000,0x000000a615d00000)]
=>0x0000029b2856a800 JavaThread "C2 CompilerThread2" daemon [_thread_in_native, id=22876, stack(0x000000a615b00000,0x000000a615c00000)]
  0x0000029b28566800 JavaThread "C2 CompilerThread1" daemon [_thread_in_native, id=21236, stack(0x000000a615a00000,0x000000a615b00000)]
  0x0000029b28560800 JavaThread "C2 CompilerThread0" daemon [_thread_in_native, id=15088, stack(0x000000a615900000,0x000000a615a00000)]
  0x0000029b2855d800 JavaThread "Attach Listener" daemon [_thread_blocked, id=23312, stack(0x000000a615800000,0x000000a615900000)]
  0x0000029b2855d000 JavaThread "Signal Dispatcher" daemon [_thread_blocked, id=5952, stack(0x000000a615700000,0x000000a615800000)]
  0x0000029b2853f800 JavaThread "Finalizer" daemon [_thread_blocked, id=9560, stack(0x000000a615600000,0x000000a615700000)]
  0x0000029b28516800 JavaThread "Reference Handler" daemon [_thread_blocked, id=1376, stack(0x000000a615500000,0x000000a615600000)]

Other Threads:
  0x0000029b2850d000 VMThread [stack: 0x000000a615400000,0x000000a615500000] [id=15432]
  0x0000029b2aa54800 WatcherThread [stack: 0x000000a615e00000,0x000000a615f00000] [id=22424]

VM state:not at safepoint (normal execution)

VM Mutex/Monitor currently owned by a thread: None

heap address: 0x00000006c1000000, size: 4080 MB, Compressed Oops mode: Zero based, Oop shift amount: 3
Narrow klass base: 0x0000000000000000, Narrow klass shift: 3
Compressed class space size: 1073741824 Address: 0x00000007c0000000

Heap:
 PSYoungGen      total 141824K, used 28286K [0x000000076b000000, 0x0000000774500000, 0x00000007c0000000)
  eden space 131072K, 13% used [0x000000076b000000,0x000000076c120cc8,0x0000000773000000)
  from space 10752K, 99% used [0x0000000773000000,0x0000000773a7eca8,0x0000000773a80000)
  to   space 10752K, 0% used [0x0000000773a80000,0x0000000773a80000,0x0000000774500000)
 ParOldGen       total 283136K, used 123976K [0x00000006c1000000, 0x00000006d2480000, 0x000000076b000000)
  object space 283136K, 43% used [0x00000006c1000000,0x00000006c89123c8,0x00000006d2480000)
 Metaspace       used 17960K, capacity 18260K, committed 18432K, reserved 1064960K
  class space    used 2102K, capacity 2212K, committed 2304K, reserved 1048576K

Card table byte_map: [0x0000029b1e580000,0x0000029b1ed80000] byte_map_base: 0x0000029b1af78000

Marking Bits: (ParMarkBitMap*) 0x000000006fde7fe0
 Begin Bits: [0x0000029b1f2d0000, 0x0000029b23290000)
 End Bits:   [0x0000029b23290000, 0x0000029b27250000)

Polling page: 0x0000029b0d9e0000

CodeCache: size=245760Kb used=9516Kb max_used=10529Kb free=236243Kb
 bounds [0x0000029b0f1c0000, 0x0000029b0fc20000, 0x0000029b1e1c0000]
 total_blobs=3022 nmethods=2594 adapters=341
 compilation: enabled

Compilation events (10 events):
Event: 3.114 Thread 0x0000029b2856e800 3087       2       java.util.TimSort::gallopRight (335 bytes)
Event: 3.114 Thread 0x0000029b2856e800 nmethod 3087 0x0000029b0f4169d0 code [0x0000029b0f416b80, 0x0000029b0f417180]
Event: 3.114 Thread 0x0000029b2856e800 3088       2       java.util.TimSort::gallopLeft (335 bytes)
Event: 3.115 Thread 0x0000029b2856e800 nmethod 3088 0x0000029b0f415d90 code [0x0000029b0f415f40, 0x0000029b0f416520]
Event: 3.115 Thread 0x0000029b2856e800 3089       2       java.util.TimSort::binarySort (223 bytes)
Event: 3.115 Thread 0x0000029b2856e800 nmethod 3089 0x0000029b0f379c50 code [0x0000029b0f379e00, 0x0000029b0f37a400]
Event: 3.115 Thread 0x0000029b2856e800 3090       2       java.util.TimSort::countRunAndMakeAscending (128 bytes)
Event: 3.116 Thread 0x0000029b2856e800 nmethod 3090 0x0000029b0f379090 code [0x0000029b0f379240, 0x0000029b0f3797f0]
Event: 3.116 Thread 0x0000029b2856e800 3091 %     3       java.util.TimSort::binarySort @ 69 (223 bytes)
Event: 3.116 Thread 0x0000029b2856e800 nmethod 3091% 0x0000029b0f892a90 code [0x0000029b0f892c80, 0x0000029b0f8937c0]

GC Heap History (10 events):
Event: 1.829 GC heap before
{Heap before GC invocations=6 (full 0):
 PSYoungGen      total 141824K, used 141799K [0x000000076b000000, 0x0000000774500000, 0x00000007c0000000)
  eden space 131072K, 100% used [0x000000076b000000,0x0000000773000000,0x0000000773000000)
  from space 10752K, 99% used [0x0000000773000000,0x0000000773a79c70,0x0000000773a80000)
  to   space 10752K, 0% used [0x0000000773a80000,0x0000000773a80000,0x0000000774500000)
 ParOldGen       total 175104K, used 42391K [0x00000006c1000000, 0x00000006cbb00000, 0x000000076b000000)
  object space 175104K, 24% used [0x00000006c1000000,0x00000006c3965c18,0x00000006cbb00000)
 Metaspace       used 16882K, capacity 17186K, committed 17536K, reserved 1064960K
  class space    used 2016K, capacity 2113K, committed 2176K, reserved 1048576K
Event: 1.846 GC heap after
Heap after GC invocations=6 (full 0):
 PSYoungGen      total 141824K, used 10746K [0x000000076b000000, 0x0000000774500000, 0x00000007c0000000)
  eden space 131072K, 0% used [0x000000076b000000,0x000000076b000000,0x0000000773000000)
  from space 10752K, 99% used [0x0000000773a80000,0x00000007744fea60,0x0000000774500000)
  to   space 10752K, 0% used [0x0000000773000000,0x0000000773000000,0x0000000773a80000)
 ParOldGen       total 175104K, used 65888K [0x00000006c1000000, 0x00000006cbb00000, 0x000000076b000000)
  object space 175104K, 37% used [0x00000006c1000000,0x00000006c5058248,0x00000006cbb00000)
 Metaspace       used 16882K, capacity 17186K, committed 17536K, reserved 1064960K
  class space    used 2016K, capacity 2113K, committed 2176K, reserved 1048576K
}
Event: 2.352 GC heap before
{Heap before GC invocations=7 (full 0):
 PSYoungGen      total 141824K, used 141818K [0x000000076b000000, 0x0000000774500000, 0x00000007c0000000)
  eden space 131072K, 100% used [0x000000076b000000,0x0000000773000000,0x0000000773000000)
  from space 10752K, 99% used [0x0000000773a80000,0x00000007744fea60,0x0000000774500000)
  to   space 10752K, 0% used [0x0000000773000000,0x0000000773000000,0x0000000773a80000)
 ParOldGen       total 175104K, used 65888K [0x00000006c1000000, 0x00000006cbb00000, 0x000000076b000000)
  object space 175104K, 37% used [0x00000006c1000000,0x00000006c5058248,0x00000006cbb00000)
 Metaspace       used 17299K, capacity 17602K, committed 17792K, reserved 1064960K
  class space    used 2048K, capacity 2145K, committed 2176K, reserved 1048576K
Event: 2.384 GC heap after
Heap after GC invocations=7 (full 0):
 PSYoungGen      total 141824K, used 10740K [0x000000076b000000, 0x0000000774500000, 0x00000007c0000000)
  eden space 131072K, 0% used [0x000000076b000000,0x000000076b000000,0x0000000773000000)
  from space 10752K, 99% used [0x0000000773000000,0x0000000773a7d020,0x0000000773a80000)
  to   space 10752K, 0% used [0x0000000773a80000,0x0000000773a80000,0x0000000774500000)
 ParOldGen       total 175104K, used 126531K [0x00000006c1000000, 0x00000006cbb00000, 0x000000076b000000)
  object space 175104K, 72% used [0x00000006c1000000,0x00000006c8b90f70,0x00000006cbb00000)
 Metaspace       used 17299K, capacity 17602K, committed 17792K, reserved 1064960K
  class space    used 2048K, capacity 2145K, committed 2176K, reserved 1048576K
}
Event: 2.384 GC heap before
{Heap before GC invocations=8 (full 1):
 PSYoungGen      total 141824K, used 10740K [0x000000076b000000, 0x0000000774500000, 0x00000007c0000000)
  eden space 131072K, 0% used [0x000000076b000000,0x000000076b000000,0x0000000773000000)
  from space 10752K, 99% used [0x0000000773000000,0x0000000773a7d020,0x0000000773a80000)
  to   space 10752K, 0% used [0x0000000773a80000,0x0000000773a80000,0x0000000774500000)
 ParOldGen       total 175104K, used 126531K [0x00000006c1000000, 0x00000006cbb00000, 0x000000076b000000)
  object space 175104K, 72% used [0x00000006c1000000,0x00000006c8b90f70,0x00000006cbb00000)
 Metaspace       used 17299K, capacity 17602K, committed 17792K, reserved 1064960K
  class space    used 2048K, capacity 2145K, committed 2176K, reserved 1048576K
Event: 2.711 GC heap after
Heap after GC invocations=8 (full 1):
 PSYoungGen      total 141824K, used 0K [0x000000076b000000, 0x0000000774500000, 0x00000007c0000000)
  eden space 131072K, 0% used [0x000000076b000000,0x000000076b000000,0x0000000773000000)
  from space 10752K, 0% used [0x0000000773000000,0x0000000773000000,0x0000000773a80000)
  to   space 10752K, 0% used [0x0000000773a80000,0x0000000773a80000,0x0000000774500000)
 ParOldGen       total 283136K, used 123022K [0x00000006c1000000, 0x00000006d2480000, 0x000000076b000000)
  object space 283136K, 43% used [0x00000006c1000000,0x00000006c8823818,0x00000006d2480000)
 Metaspace       used 17299K, capacity 17602K, committed 17792K, reserved 1064960K
  class space    used 2048K, capacity 2145K, committed 2176K, reserved 1048576K
}
Event: 2.852 GC heap before
{Heap before GC invocations=9 (full 1):
 PSYoungGen      total 141824K, used 131072K [0x000000076b000000, 0x0000000774500000, 0x00000007c0000000)
  eden space 131072K, 100% used [0x000000076b000000,0x0000000773000000,0x0000000773000000)
  from space 10752K, 0% used [0x0000000773000000,0x0000000773000000,0x0000000773a80000)
  to   space 10752K, 0% used [0x0000000773a80000,0x0000000773a80000,0x0000000774500000)
 ParOldGen       total 283136K, used 123022K [0x00000006c1000000, 0x00000006d2480000, 0x000000076b000000)
  object space 283136K, 43% used [0x00000006c1000000,0x00000006c8823818,0x00000006d2480000)
 Metaspace       used 17410K, capacity 17730K, committed 18048K, reserved 1064960K
  class space    used 2053K, capacity 2145K, committed 2176K, reserved 1048576K
Event: 2.854 GC heap after
Heap after GC invocations=9 (full 1):
 PSYoungGen      total 141824K, used 5942K [0x000000076b000000, 0x0000000774500000, 0x00000007c0000000)
  eden space 131072K, 0% used [0x000000076b000000,0x000000076b000000,0x0000000773000000)
  from space 10752K, 55% used [0x0000000773a80000,0x000000077404da90,0x0000000774500000)
  to   space 10752K, 0% used [0x0000000773000000,0x0000000773000000,0x0000000773a80000)
 ParOldGen       total 283136K, used 123030K [0x00000006c1000000, 0x00000006d2480000, 0x000000076b000000)
  object space 283136K, 43% used [0x00000006c1000000,0x00000006c8825818,0x00000006d2480000)
 Metaspace       used 17410K, capacity 17730K, committed 18048K, reserved 1064960K
  class space    used 2053K, capacity 2145K, committed 2176K, reserved 1048576K
}
Event: 3.096 GC heap before
{Heap before GC invocations=10 (full 1):
 PSYoungGen      total 141824K, used 137014K [0x000000076b000000, 0x0000000774500000, 0x00000007c0000000)
  eden space 131072K, 100% used [0x000000076b000000,0x0000000773000000,0x0000000773000000)
  from space 10752K, 55% used [0x0000000773a80000,0x000000077404da90,0x0000000774500000)
  to   space 10752K, 0% used [0x0000000773000000,0x0000000773000000,0x0000000773a80000)
 ParOldGen       total 283136K, used 123030K [0x00000006c1000000, 0x00000006d2480000, 0x000000076b000000)
  object space 283136K, 43% used [0x00000006c1000000,0x00000006c8825818,0x00000006d2480000)
 Metaspace       used 17917K, capacity 18260K, committed 18432K, reserved 1064960K
  class space    used 2101K, capacity 2212K, committed 2304K, reserved 1048576K
Event: 3.101 GC heap after
Heap after GC invocations=10 (full 1):
 PSYoungGen      total 141824K, used 10747K [0x000000076b000000, 0x0000000774500000, 0x00000007c0000000)
  eden space 131072K, 0% used [0x000000076b000000,0x000000076b000000,0x0000000773000000)
  from space 10752K, 99% used [0x0000000773000000,0x0000000773a7eca8,0x0000000773a80000)
  to   space 10752K, 0% used [0x0000000773a80000,0x0000000773a80000,0x0000000774500000)
 ParOldGen       total 283136K, used 123976K [0x00000006c1000000, 0x00000006d2480000, 0x000000076b000000)
  object space 283136K, 43% used [0x00000006c1000000,0x00000006c89123c8,0x00000006d2480000)
 Metaspace       used 17917K, capacity 18260K, committed 18432K, reserved 1064960K
  class space    used 2101K, capacity 2212K, committed 2304K, reserved 1048576K
}

Deoptimization events (10 events):
Event: 3.045 Thread 0x0000029b2b953000 Uncommon trap: reason=bimorphic action=maybe_recompile pc=0x0000029b0f90b138 method=java.util.Collections$UnmodifiableCollection$1.next()Ljava/lang/Object; @ 4
Event: 3.045 Thread 0x0000029b2b953000 Uncommon trap: reason=bimorphic action=maybe_recompile pc=0x0000029b0f90b138 method=java.util.Collections$UnmodifiableCollection$1.next()Ljava/lang/Object; @ 4
Event: 3.045 Thread 0x0000029b2b953000 Uncommon trap: reason=bimorphic action=maybe_recompile pc=0x0000029b0f90b138 method=java.util.Collections$UnmodifiableCollection$1.next()Ljava/lang/Object; @ 4
Event: 3.045 Thread 0x0000029b2b953000 Uncommon trap: reason=bimorphic action=maybe_recompile pc=0x0000029b0f90b138 method=java.util.Collections$UnmodifiableCollection$1.next()Ljava/lang/Object; @ 4
Event: 3.050 Thread 0x0000029b2b953000 Uncommon trap: reason=unstable_if action=reinterpret pc=0x0000029b0f51a2e8 method=org.languagetool.tagging.disambiguation.rules.DisambiguationPatternRuleReplacer.replace(Lorg/languagetool/AnalyzedSentence;)Lorg/languagetool/AnalyzedSentence; @ 373
Event: 3.054 Thread 0x0000029b2b953000 Uncommon trap: reason=unstable_if action=reinterpret pc=0x0000029b0f2e3338 method=org.languagetool.rules.patterns.PatternTokenMatcher.resolveReference(I[Lorg/languagetool/AnalyzedTokenReadings;Lorg/languagetool/Language;)V @ 7
Event: 3.054 Thread 0x0000029b2b953000 Uncommon trap: reason=unstable_if action=reinterpret pc=0x0000029b0f9e4c08 method=org.languagetool.tools.StringTools.isEmpty(Ljava/lang/String;)Z @ 1
Event: 3.057 Thread 0x0000029b2b953000 Uncommon trap: reason=unstable_if action=reinterpret pc=0x0000029b0f539eb8 method=org.languagetool.rules.patterns.AbstractPatternRulePerformer.testAllReadings([Lorg/languagetool/AnalyzedTokenReadings;Lorg/languagetool/rules/patterns/PatternTokenMatcher;Lo
Event: 3.064 Thread 0x0000029b2b953000 Uncommon trap: reason=class_check action=maybe_recompile pc=0x0000029b0f596658 method=java.util.regex.Pattern$GroupTail.match(Ljava/util/regex/Matcher;ILjava/lang/CharSequence;)Z @ 70
Event: 3.064 Thread 0x0000029b2b953000 Uncommon trap: reason=bimorphic action=maybe_recompile pc=0x0000029b0f6baaa4 method=java.util.regex.Pattern$Branch.match(Ljava/util/regex/Matcher;ILjava/lang/CharSequence;)Z @ 32

Classes redefined (0 events):
No events

Internal exceptions (10 events):
Event: 0.355 Thread 0x0000029b0d8c2800 Exception <a 'java/lang/NoSuchFieldError': method resolution failed> (0x000000076c7453f8) thrown at [C:\jenkins\workspace\8-2-build-windows-amd64-cygwin\jdk8u271\605\hotspot\src\share\vm\prims\methodHandles.cpp, line 1169]
Event: 0.774 Thread 0x0000029b2bc1d000 Exception <a 'java/lang/NoSuchMethodError': java.lang.Object.lambda$comparing$77a9974f$1(Ljava/util/function/Function;Ljava/lang/Object;Ljava/lang/Object;)I> (0x000000076e7f36d8) thrown at [C:\jenkins\workspace\8-2-build-windows-amd64-cygwin\jdk8u271\605\
Event: 0.910 Thread 0x0000029b2b953000 Implicit null exception at 0x0000029b0f6411bf to 0x0000029b0f641955
Event: 1.370 Thread 0x0000029b2b953000 Exception <a 'java/lang/NoSuchMethodError': java.lang.Object.lambda$comparingInt$7b0bb60$1(Ljava/util/function/ToIntFunction;Ljava/lang/Object;Ljava/lang/Object;)I> (0x0000000772cf0258) thrown at [C:\jenkins\workspace\8-2-build-windows-amd64-cygwin\jdk8u2
Event: 1.503 Thread 0x0000029b2b953000 Exception <a 'java/io/FileNotFoundException'> (0x000000076de88cf0) thrown at [C:\jenkins\workspace\8-2-build-windows-amd64-cygwin\jdk8u271\605\hotspot\src\share\vm\prims\jni.cpp, line 710]
Event: 1.506 Thread 0x0000029b2b953000 Exception <a 'java/io/FileNotFoundException'> (0x000000076de96e38) thrown at [C:\jenkins\workspace\8-2-build-windows-amd64-cygwin\jdk8u271\605\hotspot\src\share\vm\prims\jni.cpp, line 710]
Event: 1.510 Thread 0x0000029b2b953000 Exception <a 'java/lang/NoSuchMethodError': java.lang.Object.lambda$identity$2(Ljava/lang/Object;)Ljava/lang/Object;> (0x000000076dee3f90) thrown at [C:\jenkins\workspace\8-2-build-windows-amd64-cygwin\jdk8u271\605\hotspot\src\share\vm\interpreter\linkRes
Event: 2.895 Thread 0x0000029b2b953000 Implicit null exception at 0x0000029b0f8eaf59 to 0x0000029b0f8eb84d
Event: 2.895 Thread 0x0000029b2b953000 Implicit null exception at 0x0000029b0f6e0b2f to 0x0000029b0f6e0b99
Event: 3.054 Thread 0x0000029b2b953000 Implicit null exception at 0x0000029b0f9e4bcc to 0x0000029b0f9e4bf9

Events (10 events):
Event: 3.073 loading class org/languagetool/rules/spelling/morfologik/MorfologikMultiSpeller$BufferedReaderWithSource
Event: 3.073 loading class org/languagetool/rules/spelling/morfologik/MorfologikMultiSpeller$BufferedReaderWithSource done
Event: 3.096 Executing VM operation: ParallelGCFailedAllocation
Event: 3.101 Executing VM operation: ParallelGCFailedAllocation done
Event: 3.111 loading class morfologik/fsa/builders/FSABuilder
Event: 3.111 loading class morfologik/fsa/builders/FSABuilder done
Event: 3.112 loading class morfologik/fsa/builders/ConstantArcSizeFSA
Event: 3.112 loading class morfologik/fsa/builders/ConstantArcSizeFSA done
Event: 3.112 loading class morfologik/fsa/builders/FSABuilder$1
Event: 3.112 loading class morfologik/fsa/builders/FSABuilder$1 done


Dynamic libraries:
0x00007ff7d8240000 - 0x00007ff7d8287000 	C:\Program Files (x86)\Common Files\Oracle\Java\javapath\java.exe
0x00007ff94f410000 - 0x00007ff94f606000 	C:\WINDOWS\SYSTEM32\ntdll.dll
0x00007ff94e9c0000 - 0x00007ff94ea7d000 	C:\WINDOWS\System32\KERNEL32.DLL
0x00007ff94d010000 - 0x00007ff94d2d8000 	C:\WINDOWS\System32\KERNELBASE.dll
0x00007ff94e910000 - 0x00007ff94e9bc000 	C:\WINDOWS\System32\ADVAPI32.dll
0x00007ff94d810000 - 0x00007ff94d8ae000 	C:\WINDOWS\System32\msvcrt.dll
0x00007ff94eb50000 - 0x00007ff94ebeb000 	C:\WINDOWS\System32\sechost.dll
0x00007ff94de00000 - 0x00007ff94df24000 	C:\WINDOWS\System32\RPCRT4.dll
0x00007ff94d4f0000 - 0x00007ff94d690000 	C:\WINDOWS\System32\USER32.dll
0x00007ff94d330000 - 0x00007ff94d352000 	C:\WINDOWS\System32\win32u.dll
0x00007ff94ebf0000 - 0x00007ff94ec1a000 	C:\WINDOWS\System32\GDI32.dll
0x00007ff94d360000 - 0x00007ff94d469000 	C:\WINDOWS\System32\gdi32full.dll
0x00007ff94cc00000 - 0x00007ff94cc9d000 	C:\WINDOWS\System32\msvcp_win.dll
0x00007ff94cca0000 - 0x00007ff94cda0000 	C:\WINDOWS\System32\ucrtbase.dll
0x00007ff93eef0000 - 0x00007ff93f18b000 	C:\WINDOWS\WinSxS\amd64_microsoft.windows.common-controls_6595b64144ccf1df_6.0.19041.488_none_ca04af081b815d21\COMCTL32.dll
0x00007ff94f1f0000 - 0x00007ff94f220000 	C:\WINDOWS\System32\IMM32.DLL
0x00007ff917a70000 - 0x00007ff917a85000 	C:\Program Files\Java\jre1.8.0_271\bin\vcruntime140.dll
0x00007ff90e520000 - 0x00007ff90e5bb000 	C:\Program Files\Java\jre1.8.0_271\bin\msvcp140.dll
0x000000006f5f0000 - 0x000000006fe5f000 	C:\Program Files\Java\jre1.8.0_271\bin\server\jvm.dll
0x00007ff94e060000 - 0x00007ff94e068000 	C:\WINDOWS\System32\PSAPI.DLL
0x00007ff939290000 - 0x00007ff939299000 	C:\WINDOWS\SYSTEM32\WSOCK32.dll
0x00007ff9442c0000 - 0x00007ff9442e7000 	C:\WINDOWS\SYSTEM32\WINMM.dll
0x00007ff94d470000 - 0x00007ff94d4db000 	C:\WINDOWS\System32\WS2_32.dll
0x00007ff946bb0000 - 0x00007ff946bba000 	C:\WINDOWS\SYSTEM32\VERSION.dll
0x00007ff94aac0000 - 0x00007ff94aad2000 	C:\WINDOWS\SYSTEM32\kernel.appcore.dll
0x00007ff92a700000 - 0x00007ff92a710000 	C:\Program Files\Java\jre1.8.0_271\bin\verify.dll
0x00007ff90e4f0000 - 0x00007ff90e51b000 	C:\Program Files\Java\jre1.8.0_271\bin\java.dll
0x00007ff915120000 - 0x00007ff915138000 	C:\Program Files\Java\jre1.8.0_271\bin\zip.dll
0x00007ff94e0d0000 - 0x00007ff94e811000 	C:\WINDOWS\System32\SHELL32.dll
0x00007ff94acc0000 - 0x00007ff94b455000 	C:\WINDOWS\SYSTEM32\windows.storage.dll
0x00007ff94ed00000 - 0x00007ff94f055000 	C:\WINDOWS\System32\combase.dll
0x00007ff94c5c0000 - 0x00007ff94c5ec000 	C:\WINDOWS\SYSTEM32\Wldp.dll
0x00007ff94ea80000 - 0x00007ff94eb2e000 	C:\WINDOWS\System32\SHCORE.dll
0x00007ff94d8b0000 - 0x00007ff94d905000 	C:\WINDOWS\System32\shlwapi.dll
0x00007ff94ca80000 - 0x00007ff94caa6000 	C:\WINDOWS\SYSTEM32\profapi.dll
0x00007ff914aa0000 - 0x00007ff914abc000 	C:\Program Files\Java\jre1.8.0_271\bin\net.dll
0x00007ff94c340000 - 0x00007ff94c3aa000 	C:\WINDOWS\system32\mswsock.dll
0x00007ff94c030000 - 0x00007ff94c0fb000 	C:\WINDOWS\SYSTEM32\DNSAPI.dll
0x00007ff94bfe0000 - 0x00007ff94c01b000 	C:\WINDOWS\SYSTEM32\IPHLPAPI.DLL
0x00007ff94d4e0000 - 0x00007ff94d4e8000 	C:\WINDOWS\System32\NSI.dll
0x00007ff945210000 - 0x00007ff94521a000 	C:\Windows\System32\rasadhlp.dll
0x00007ff93f340000 - 0x00007ff93f3bf000 	C:\WINDOWS\System32\fwpuclnt.dll
0x00007ff94cbd0000 - 0x00007ff94cbf7000 	C:\WINDOWS\System32\bcrypt.dll
0x00007ff9117e0000 - 0x00007ff9117f3000 	C:\Program Files\Java\jre1.8.0_271\bin\nio.dll
0x00007ff94c510000 - 0x00007ff94c528000 	C:\WINDOWS\SYSTEM32\CRYPTSP.dll
0x00007ff94bc60000 - 0x00007ff94bc94000 	C:\WINDOWS\system32\rsaenh.dll
0x00007ff94ca00000 - 0x00007ff94ca2e000 	C:\WINDOWS\SYSTEM32\USERENV.dll
0x00007ff94cb50000 - 0x00007ff94cbcf000 	C:\WINDOWS\System32\bcryptprimitives.dll
0x00007ff94c530000 - 0x00007ff94c53c000 	C:\WINDOWS\SYSTEM32\CRYPTBASE.dll
0x00007ff945ee0000 - 0x00007ff945ef7000 	C:\WINDOWS\SYSTEM32\dhcpcsvc6.DLL
0x00007ff946bc0000 - 0x00007ff946bdd000 	C:\WINDOWS\SYSTEM32\dhcpcsvc.DLL
0x00007ff90e350000 - 0x00007ff90e4e4000 	C:\Program Files\Java\jre1.8.0_271\bin\awt.dll
0x00007ff94d740000 - 0x00007ff94d80d000 	C:\WINDOWS\System32\OLEAUT32.dll
0x00007ff94a430000 - 0x00007ff94a4c0000 	C:\WINDOWS\SYSTEM32\apphelp.dll
0x00007ff939be0000 - 0x00007ff939dc4000 	C:\WINDOWS\SYSTEM32\dbghelp.dll

VM Arguments:
java_command: org.languagetool.server.HTTPServer -p 8121
java_class_path (initial): C:\Users\ozanj\.cache\language_tool_python\LanguageTool-5.1\languagetool-server.jar
Launcher Type: SUN_STANDARD

Environment Variables:
PATH=C:\Users\ozanj\anaconda3;C:\Users\ozanj\anaconda3\Library\mingw-w64\bin;C:\Users\ozanj\anaconda3\Library\usr\bin;C:\Users\ozanj\anaconda3\Library\bin;C:\Users\ozanj\anaconda3\Scripts;C:\Users\ozanj\anaconda3\bin;C:\Users\ozanj\anaconda3\condabin;C:\Program Files (x86)\Common Files\Intel\Shared Libraries\redist\intel64\compiler;C:\Program Files (x86)\Common Files\Oracle\Java\javapath;C:\Windows\system32;C:\Windows;C:\Windows\System32\Wbem;C:\Windows\System32\WindowsPowerShell\v1.0;C:\Windows\System32\OpenSSH;C:\Program Files\NVIDIA Corporation\NVIDIA NGX;C:\Android;C:\Program Files\ffmpeg\bin;C:\Program Files\MATLAB\R2018a\runtime\win64;C:\Program Files\MATLAB\R2018a\bin;C:\Aldec\Active-HDL-Student-Edition\BIN;C:\Program Files (x86)\Ghdl\Bin;C:\EDA\gtkwave\bin;C:\Program Files\Java\jdk-13.0.1\bin;C:\Program Files\nodejs;C:\Users\ozanj\AppData\Local\Android\Sdk\platform-tools;C:\Program Files\Git\cmd;C:\Program Files (x86)\QuickTime\QTSystem;C:\WINDOWS\system32;C:\WINDOWS;C:\WINDOWS\System32\Wbem;C:\WINDOWS\System32\WindowsPowerShell\v1.0;C:\WINDOWS\System32\OpenSSH;C:\Users\ozanj\anaconda3;C:\Users\ozanj\anaconda3\Lib;C:\Users\ozanj\anaconda3\Scripts;C:\Users\ozanj\AppData\Local\Microsoft\WindowsApps;C:\Users\ozanj\AppData\Roaming\npm;C:\Users\ozanj\AppData\Local\Microsoft\WindowsApps;C:\Users\ozanj\AppData\Local\Programs\Microsoft VS Code\bin
USERNAME=ozanj
OS=Windows_NT
PROCESSOR_IDENTIFIER=AMD64 Family 23 Model 113 Stepping 0, AuthenticAMD



---------------  S Y S T E M  ---------------

OS: Windows 10.0 , 64 bit Build 19041 (10.0.19041.546)

CPU:total 12 (initial active 12) (12 cores per cpu, 1 threads per core) family 23 model 113 stepping 0, cmov, cx8, fxsr, mmx, sse, sse2, sse3, ssse3, sse4.1, sse4.2, popcnt, avx, avx2, aes, clmul, mmxext, 3dnowpref, lzcnt, sse4a, tsc, tscinvbit, tscinv, bmi1

Memory: 4k page, physical 16706128k(410608k free), swap 67037776k(2692k free)

vm_info: Java HotSpot(TM) 64-Bit Server VM (25.271-b09) for windows-amd64 JRE (1.8.0_271-b09), built on Sep 16 2020 19:14:59 by "" with MS VC++ 15.9 (VS2017)

time: Tue Dec  1 17:29:55 2020
timezone: Central Standard Time
elapsed time: 3.135425 seconds (0d 0h 0m 3s)

