#
# There is insufficient memory for the Java Runtime Environment to continue.
# Native memory allocation (malloc) failed to allocate 390576 bytes for Chunk::new
# Possible reasons:
#   The system is out of physical RAM or swap space
#   The process is running with CompressedOops enabled, and the Java Heap may be blocking the growth of the native heap
# Possible solutions:
#   Reduce memory load on the system
#   Increase physical memory or swap space
#   Check if swap backing store is full
#   Decrease Java heap size (-Xmx/-Xms)
#   Decrease number of Java threads
#   Decrease Java thread stack sizes (-Xss)
#   Set larger code cache with -XX:ReservedCodeCacheSize=
#   JVM is running with Zero Based Compressed Oops mode in which the Java heap is
#     placed in the first 32GB address space. The Java Heap base address is the
#     maximum limit for the native heap growth. Please use -XX:HeapBaseMinAddress
#     to set the Java Heap base and to place the Java Heap above 32GB virtual address.
# This output file may be truncated or incomplete.
#
#  Out of Memory Error (allocation.cpp:389), pid=19652, tid=0x0000000000004208
#
# JRE version: Java(TM) SE Runtime Environment (8.0_271-b09) (build 1.8.0_271-b09)
# Java VM: Java HotSpot(TM) 64-Bit Server VM (25.271-b09 mixed mode windows-amd64 compressed oops)
# Failed to write core dump. Minidumps are not enabled by default on client versions of Windows
#

---------------  T H R E A D  ---------------

Current thread (0x000001cefcc3f800):  JavaThread "C2 CompilerThread0" daemon [_thread_in_native, id=16904, stack(0x0000007bc8000000,0x0000007bc8100000)]

Stack: [0x0000007bc8000000,0x0000007bc8100000]
Native frames: (J=compiled Java code, j=interpreted, Vv=VM code, C=native code)
V  [jvm.dll+0x33f6c9]
V  [jvm.dll+0x286122]
V  [jvm.dll+0x286dcd]
V  [jvm.dll+0x27d805]
V  [jvm.dll+0xe574c]
V  [jvm.dll+0xe5f4c]
V  [jvm.dll+0x480043]
V  [jvm.dll+0x44794e]
V  [jvm.dll+0x450c25]
V  [jvm.dll+0x44ffe5]
V  [jvm.dll+0x43aef7]
V  [jvm.dll+0xbc3eb]
V  [jvm.dll+0xbaa4b]
V  [jvm.dll+0x24e7c2]
V  [jvm.dll+0x2a2dcc]
C  [ucrtbase.dll+0x214c2]
C  [KERNEL32.DLL+0x17034]
C  [ntdll.dll+0x4cec1]


Current CompileTask:
C2:   3633 3052       4       org.languagetool.AnalyzedTokenReadings::toString (156 bytes)


---------------  P R O C E S S  ---------------

Java Threads: ( => current thread )
  0x000001ce8f54e800 JavaThread "lt-textchecker-thread-0" [_thread_blocked, id=26756, stack(0x0000007bc8a00000,0x0000007bc8b00000)]
  0x000001ce8f289000 JavaThread "lt-server-thread-1" [_thread_blocked, id=25536, stack(0x0000007bc8900000,0x0000007bc8a00000)]
  0x000001ce8f317800 JavaThread "lt-server-thread-0" [_thread_blocked, id=22468, stack(0x0000007bc8800000,0x0000007bc8900000)]
  0x000001cef0e03000 JavaThread "DestroyJavaVM" [_thread_blocked, id=25468, stack(0x0000007bc7000000,0x0000007bc7100000)]
  0x000001ce8f314800 JavaThread "Thread-2" [_thread_in_native, id=12240, stack(0x0000007bc8700000,0x0000007bc8800000)]
  0x000001ce8f314000 JavaThread "server-timer" daemon [_thread_blocked, id=19304, stack(0x0000007bc8600000,0x0000007bc8700000)]
  0x000001cefcc7e800 JavaThread "Service Thread" daemon [_thread_blocked, id=23048, stack(0x0000007bc8400000,0x0000007bc8500000)]
  0x000001cefcc4c800 JavaThread "C1 CompilerThread3" daemon [_thread_blocked, id=9868, stack(0x0000007bc8300000,0x0000007bc8400000)]
  0x000001cefcc47800 JavaThread "C2 CompilerThread2" daemon [_thread_blocked, id=11696, stack(0x0000007bc8200000,0x0000007bc8300000)]
  0x000001cefcc43000 JavaThread "C2 CompilerThread1" daemon [_thread_blocked, id=27552, stack(0x0000007bc8100000,0x0000007bc8200000)]
=>0x000001cefcc3f800 JavaThread "C2 CompilerThread0" daemon [_thread_in_native, id=16904, stack(0x0000007bc8000000,0x0000007bc8100000)]
  0x000001cefcc3e800 JavaThread "Attach Listener" daemon [_thread_blocked, id=1252, stack(0x0000007bc7f00000,0x0000007bc8000000)]
  0x000001cefcc3c800 JavaThread "Signal Dispatcher" daemon [_thread_blocked, id=14200, stack(0x0000007bc7e00000,0x0000007bc7f00000)]
  0x000001cefcc18000 JavaThread "Finalizer" daemon [_thread_blocked, id=19152, stack(0x0000007bc7d00000,0x0000007bc7e00000)]
  0x000001cefcbee800 JavaThread "Reference Handler" daemon [_thread_blocked, id=9400, stack(0x0000007bc7c00000,0x0000007bc7d00000)]

Other Threads:
  0x000001cefcbe5800 VMThread [stack: 0x0000007bc7b00000,0x0000007bc7c00000] [id=24024]
  0x000001ceff149000 WatcherThread [stack: 0x0000007bc8500000,0x0000007bc8600000] [id=25684]

VM state:at safepoint (normal execution)

VM Mutex/Monitor currently owned by a thread:  ([mutex/lock_event])
[0x000001cef0dff390] Threads_lock - owner thread: 0x000001cefcbe5800
[0x000001cef0e003a0] Heap_lock - owner thread: 0x000001ce8f54e800

heap address: 0x00000006c1000000, size: 4080 MB, Compressed Oops mode: Zero based, Oop shift amount: 3
Narrow klass base: 0x0000000000000000, Narrow klass shift: 3
Compressed class space size: 1073741824 Address: 0x00000007c0000000

Heap:
 PSYoungGen      total 141824K, used 10668K [0x000000076b000000, 0x0000000774500000, 0x00000007c0000000)
  eden space 131072K, 0% used [0x000000076b000000,0x000000076b000000,0x0000000773000000)
  from space 10752K, 99% used [0x0000000773a80000,0x00000007744eb000,0x0000000774500000)
  to   space 10752K, 0% used [0x0000000773000000,0x0000000773000000,0x0000000773a80000)
 ParOldGen       total 175104K, used 128369K [0x00000006c1000000, 0x00000006cbb00000, 0x000000076b000000)
  object space 175104K, 73% used [0x00000006c1000000,0x00000006c8d5c4f8,0x00000006cbb00000)
 Metaspace       used 17823K, capacity 18154K, committed 18432K, reserved 1064960K
  class space    used 2092K, capacity 2179K, committed 2304K, reserved 1048576K

Card table byte_map: [0x000001cef2cb0000,0x000001cef34b0000] byte_map_base: 0x000001ceef6a8000

Marking Bits: (ParMarkBitMap*) 0x000000006fdc7fe0
 Begin Bits: [0x000001cef3a00000, 0x000001cef79c0000)
 End Bits:   [0x000001cef79c0000, 0x000001cefb980000)

Polling page: 0x000001cef1040000

CodeCache: size=245760Kb used=11717Kb max_used=11727Kb free=234042Kb
 bounds [0x000001ce80000000, 0x000001ce80b80000, 0x000001ce8f000000]
 total_blobs=3435 nmethods=3007 adapters=341
 compilation: enabled

Compilation events (10 events):
Event: 3.540 Thread 0x000001cefcc4c800 3050       3       org.languagetool.AnalyzedSentence::getLemmaSet (119 bytes)
Event: 3.541 Thread 0x000001cefcc4c800 nmethod 3050 0x000001ce80b686d0 code [0x000001ce80b689e0, 0x000001ce80b6a520]
Event: 3.542 Thread 0x000001cefcc3f800 nmethod 3049 0x000001ce80b6e490 code [0x000001ce80b6e5e0, 0x000001ce80b6e9d8]
Event: 3.542 Thread 0x000001cefcc3f800 3044       4       org.languagetool.AnalyzedTokenReadings::areLemmasSame (100 bytes)
Event: 3.542 Thread 0x000001cefcc4c800 3054       3       org.languagetool.AnalyzedSentence::getTokenSet (56 bytes)
Event: 3.543 Thread 0x000001cefcc4c800 nmethod 3054 0x000001ce80b6cf50 code [0x000001ce80b6d160, 0x000001ce80b6dda0]
Event: 3.543 Thread 0x000001cefcc3f800 nmethod 3044 0x000001ce80b6b490 code [0x000001ce80b6b5e0, 0x000001ce80b6b878]
Event: 3.543 Thread 0x000001cefcc3f800 3052       4       org.languagetool.AnalyzedTokenReadings::toString (156 bytes)
Event: 3.555 Thread 0x000001cefcc4c800 3058       3       org.languagetool.AnalyzedSentence::copy (71 bytes)
Event: 3.556 Thread 0x000001cefcc4c800 nmethod 3058 0x000001ce80b70590 code [0x000001ce80b707e0, 0x000001ce80b71870]

GC Heap History (10 events):
Event: 1.183 GC heap before
{Heap before GC invocations=3 (full 0):
 PSYoungGen      total 141824K, used 141589K [0x000000076b000000, 0x0000000774500000, 0x00000007c0000000)
  eden space 131072K, 100% used [0x000000076b000000,0x0000000773000000,0x0000000773000000)
  from space 10752K, 97% used [0x0000000773a80000,0x00000007744c5510,0x0000000774500000)
  to   space 10752K, 0% used [0x0000000773000000,0x0000000773000000,0x0000000773a80000)
 ParOldGen       total 175104K, used 88K [0x00000006c1000000, 0x00000006cbb00000, 0x000000076b000000)
  object space 175104K, 0% used [0x00000006c1000000,0x00000006c1016010,0x00000006cbb00000)
 Metaspace       used 14621K, capacity 14856K, committed 15232K, reserved 1062912K
  class space    used 1808K, capacity 1906K, committed 1920K, reserved 1048576K
Event: 1.307 GC heap after
Heap after GC invocations=3 (full 0):
 PSYoungGen      total 141824K, used 10749K [0x000000076b000000, 0x0000000774500000, 0x00000007c0000000)
  eden space 131072K, 0% used [0x000000076b000000,0x000000076b000000,0x0000000773000000)
  from space 10752K, 99% used [0x0000000773000000,0x0000000773a7f608,0x0000000773a80000)
  to   space 10752K, 0% used [0x0000000773a80000,0x0000000773a80000,0x0000000774500000)
 ParOldGen       total 175104K, used 16103K [0x00000006c1000000, 0x00000006cbb00000, 0x000000076b000000)
  object space 175104K, 9% used [0x00000006c1000000,0x00000006c1fb9e40,0x00000006cbb00000)
 Metaspace       used 14621K, capacity 14856K, committed 15232K, reserved 1062912K
  class space    used 1808K, capacity 1906K, committed 1920K, reserved 1048576K
}
Event: 1.867 GC heap before
{Heap before GC invocations=4 (full 0):
 PSYoungGen      total 141824K, used 141821K [0x000000076b000000, 0x0000000774500000, 0x00000007c0000000)
  eden space 131072K, 100% used [0x000000076b000000,0x0000000773000000,0x0000000773000000)
  from space 10752K, 99% used [0x0000000773000000,0x0000000773a7f608,0x0000000773a80000)
  to   space 10752K, 0% used [0x0000000773a80000,0x0000000773a80000,0x0000000774500000)
 ParOldGen       total 175104K, used 16103K [0x00000006c1000000, 0x00000006cbb00000, 0x000000076b000000)
  object space 175104K, 9% used [0x00000006c1000000,0x00000006c1fb9e40,0x00000006cbb00000)
 Metaspace       used 15788K, capacity 15994K, committed 16384K, reserved 1062912K
  class space    used 1910K, capacity 1981K, committed 2048K, reserved 1048576K
Event: 1.883 GC heap after
Heap after GC invocations=4 (full 0):
 PSYoungGen      total 141824K, used 10722K [0x000000076b000000, 0x0000000774500000, 0x00000007c0000000)
  eden space 131072K, 0% used [0x000000076b000000,0x000000076b000000,0x0000000773000000)
  from space 10752K, 99% used [0x0000000773a80000,0x00000007744f8b80,0x0000000774500000)
  to   space 10752K, 0% used [0x0000000773000000,0x0000000773000000,0x0000000773a80000)
 ParOldGen       total 175104K, used 41632K [0x00000006c1000000, 0x00000006cbb00000, 0x000000076b000000)
  object space 175104K, 23% used [0x00000006c1000000,0x00000006c38a8130,0x00000006cbb00000)
 Metaspace       used 15788K, capacity 15994K, committed 16384K, reserved 1062912K
  class space    used 1910K, capacity 1981K, committed 2048K, reserved 1048576K
}
Event: 2.405 GC heap before
{Heap before GC invocations=5 (full 0):
 PSYoungGen      total 141824K, used 141794K [0x000000076b000000, 0x0000000774500000, 0x00000007c0000000)
  eden space 131072K, 100% used [0x000000076b000000,0x0000000773000000,0x0000000773000000)
  from space 10752K, 99% used [0x0000000773a80000,0x00000007744f8b80,0x0000000774500000)
  to   space 10752K, 0% used [0x0000000773000000,0x0000000773000000,0x0000000773a80000)
 ParOldGen       total 175104K, used 41632K [0x00000006c1000000, 0x00000006cbb00000, 0x000000076b000000)
  object space 175104K, 23% used [0x00000006c1000000,0x00000006c38a8130,0x00000006cbb00000)
 Metaspace       used 16890K, capacity 17186K, committed 17536K, reserved 1064960K
  class space    used 2016K, capacity 2113K, committed 2176K, reserved 1048576K
Event: 2.424 GC heap after
Heap after GC invocations=5 (full 0):
 PSYoungGen      total 141824K, used 10750K [0x000000076b000000, 0x0000000774500000, 0x00000007c0000000)
  eden space 131072K, 0% used [0x000000076b000000,0x000000076b000000,0x0000000773000000)
  from space 10752K, 99% used [0x0000000773000000,0x0000000773a7f850,0x0000000773a80000)
  to   space 10752K, 0% used [0x0000000773a80000,0x0000000773a80000,0x0000000774500000)
 ParOldGen       total 175104K, used 65108K [0x00000006c1000000, 0x00000006cbb00000, 0x000000076b000000)
  object space 175104K, 37% used [0x00000006c1000000,0x00000006c4f953a8,0x00000006cbb00000)
 Metaspace       used 16890K, capacity 17186K, committed 17536K, reserved 1064960K
  class space    used 2016K, capacity 2113K, committed 2176K, reserved 1048576K
}
Event: 2.994 GC heap before
{Heap before GC invocations=6 (full 0):
 PSYoungGen      total 141824K, used 141822K [0x000000076b000000, 0x0000000774500000, 0x00000007c0000000)
  eden space 131072K, 100% used [0x000000076b000000,0x0000000773000000,0x0000000773000000)
  from space 10752K, 99% used [0x0000000773000000,0x0000000773a7f850,0x0000000773a80000)
  to   space 10752K, 0% used [0x0000000773a80000,0x0000000773a80000,0x0000000774500000)
 ParOldGen       total 175104K, used 65108K [0x00000006c1000000, 0x00000006cbb00000, 0x000000076b000000)
  object space 175104K, 37% used [0x00000006c1000000,0x00000006c4f953a8,0x00000006cbb00000)
 Metaspace       used 17163K, capacity 17474K, committed 17792K, reserved 1064960K
  class space    used 2043K, capacity 2145K, committed 2176K, reserved 1048576K
Event: 3.026 GC heap after
Heap after GC invocations=6 (full 0):
 PSYoungGen      total 141824K, used 10724K [0x000000076b000000, 0x0000000774500000, 0x00000007c0000000)
  eden space 131072K, 0% used [0x000000076b000000,0x000000076b000000,0x0000000773000000)
  from space 10752K, 99% used [0x0000000773a80000,0x00000007744f93d0,0x0000000774500000)
  to   space 10752K, 0% used [0x0000000773000000,0x0000000773000000,0x0000000773a80000)
 ParOldGen       total 175104K, used 113519K [0x00000006c1000000, 0x00000006cbb00000, 0x000000076b000000)
  object space 175104K, 64% used [0x00000006c1000000,0x00000006c7edbec0,0x00000006cbb00000)
 Metaspace       used 17163K, capacity 17474K, committed 17792K, reserved 1064960K
  class space    used 2043K, capacity 2145K, committed 2176K, reserved 1048576K
}
Event: 3.258 GC heap before
{Heap before GC invocations=7 (full 0):
 PSYoungGen      total 141824K, used 141796K [0x000000076b000000, 0x0000000774500000, 0x00000007c0000000)
  eden space 131072K, 100% used [0x000000076b000000,0x0000000773000000,0x0000000773000000)
  from space 10752K, 99% used [0x0000000773a80000,0x00000007744f93d0,0x0000000774500000)
  to   space 10752K, 0% used [0x0000000773000000,0x0000000773000000,0x0000000773a80000)
 ParOldGen       total 175104K, used 113519K [0x00000006c1000000, 0x00000006cbb00000, 0x000000076b000000)
  object space 175104K, 64% used [0x00000006c1000000,0x00000006c7edbec0,0x00000006cbb00000)
 Metaspace       used 17583K, capacity 17896K, committed 18176K, reserved 1064960K
  class space    used 2068K, capacity 2178K, committed 2304K, reserved 1048576K
Event: 3.278 GC heap after
Heap after GC invocations=7 (full 0):
 PSYoungGen      total 141824K, used 10727K [0x000000076b000000, 0x0000000774500000, 0x00000007c0000000)
  eden space 131072K, 0% used [0x000000076b000000,0x000000076b000000,0x0000000773000000)
  from space 10752K, 99% used [0x0000000773000000,0x0000000773a79ec8,0x0000000773a80000)
  to   space 10752K, 0% used [0x0000000773a80000,0x0000000773a80000,0x0000000774500000)
 ParOldGen       total 175104K, used 123250K [0x00000006c1000000, 0x00000006cbb00000, 0x000000076b000000)
  object space 175104K, 70% used [0x00000006c1000000,0x00000006c885c848,0x00000006cbb00000)
 Metaspace       used 17583K, capacity 17896K, committed 18176K, reserved 1064960K
  class space    used 2068K, capacity 2178K, committed 2304K, reserved 1048576K
}

Deoptimization events (10 events):
Event: 3.461 Thread 0x000001ce8f54e800 Uncommon trap: reason=class_check action=maybe_recompile pc=0x000001ce80b12b50 method=com.hankcs.algorithm.State.addEmit(Ljava/util/Collection;)V @ 1
Event: 3.485 Thread 0x000001ce8f54e800 Uncommon trap: reason=bimorphic action=maybe_recompile pc=0x000001ce80a8836c method=java.util.Collections$UnmodifiableCollection$1.next()Ljava/lang/Object; @ 4
Event: 3.486 Thread 0x000001ce8f54e800 Uncommon trap: reason=bimorphic action=maybe_recompile pc=0x000001ce80a8836c method=java.util.Collections$UnmodifiableCollection$1.next()Ljava/lang/Object; @ 4
Event: 3.486 Thread 0x000001ce8f54e800 Uncommon trap: reason=bimorphic action=maybe_recompile pc=0x000001ce80a8836c method=java.util.Collections$UnmodifiableCollection$1.next()Ljava/lang/Object; @ 4
Event: 3.487 Thread 0x000001ce8f54e800 Uncommon trap: reason=predicate action=maybe_recompile pc=0x000001ce80aa9058 method=org.languagetool.rules.patterns.AbstractPatternRulePerformer.testAllReadings([Lorg/languagetool/AnalyzedTokenReadings;Lorg/languagetool/rules/patterns/PatternTokenMatcher;
Event: 3.487 Thread 0x000001ce8f54e800 Uncommon trap: reason=bimorphic action=maybe_recompile pc=0x000001ce80a8836c method=java.util.Collections$UnmodifiableCollection$1.next()Ljava/lang/Object; @ 4
Event: 3.493 Thread 0x000001ce8f54e800 Uncommon trap: reason=class_check action=maybe_recompile pc=0x000001ce803c8a58 method=java.util.regex.Pattern$GroupTail.match(Ljava/util/regex/Matcher;ILjava/lang/CharSequence;)Z @ 70
Event: 3.520 Thread 0x000001ce8f54e800 Uncommon trap: reason=null_check action=make_not_entrant pc=0x000001ce80b5ea6c method=org.languagetool.AnalyzedTokenReadings.hasPosTag(Ljava/lang/String;)Z @ 33
Event: 3.537 Thread 0x000001ce8f54e800 Uncommon trap: reason=null_check action=make_not_entrant pc=0x000001ce80b5dff0 method=org.languagetool.AnalyzedTokenReadings.setNoRealPOStag()V @ 47
Event: 3.539 Thread 0x000001ce8f54e800 Uncommon trap: reason=null_check action=make_not_entrant pc=0x000001ce80b682f4 method=org.languagetool.AnalyzedTokenReadings.setNoRealPOStag()V @ 57

Classes redefined (0 events):
No events

Internal exceptions (10 events):
Event: 2.011 Thread 0x000001ce8f54e800 Exception <a 'java/io/FileNotFoundException'> (0x000000076e3b65b8) thrown at [C:\jenkins\workspace\8-2-build-windows-amd64-cygwin\jdk8u271\605\hotspot\src\share\vm\prims\jni.cpp, line 710]
Event: 2.017 Thread 0x000001ce8f54e800 Exception <a 'java/io/FileNotFoundException'> (0x000000076e3c4700) thrown at [C:\jenkins\workspace\8-2-build-windows-amd64-cygwin\jdk8u271\605\hotspot\src\share\vm\prims\jni.cpp, line 710]
Event: 2.022 Thread 0x000001ce8f54e800 Exception <a 'java/lang/NoSuchMethodError': java.lang.Object.lambda$identity$2(Ljava/lang/Object;)Ljava/lang/Object;> (0x000000076e411858) thrown at [C:\jenkins\workspace\8-2-build-windows-amd64-cygwin\jdk8u271\605\hotspot\src\share\vm\interpreter\linkRes
Event: 3.149 Thread 0x000001ce8f54e800 Implicit null exception at 0x000001ce807c120c to 0x000001ce807c1239
Event: 3.216 Thread 0x000001ce8f54e800 Implicit null exception at 0x000001ce80950e92 to 0x000001ce80951331
Event: 3.283 Thread 0x000001ce8f54e800 Implicit null exception at 0x000001ce807b211a to 0x000001ce807b2af5
Event: 3.283 Thread 0x000001ce8f54e800 Implicit null exception at 0x000001ce804a252f to 0x000001ce804a2599
Event: 3.520 Thread 0x000001ce8f54e800 Implicit null exception at 0x000001ce80b5e93a to 0x000001ce80b5ea51
Event: 3.537 Thread 0x000001ce8f54e800 Implicit null exception at 0x000001ce80b5dd24 to 0x000001ce80b5dfd9
Event: 3.539 Thread 0x000001ce8f54e800 Implicit null exception at 0x000001ce80b68110 to 0x000001ce80b682dd

Events (10 events):
Event: 3.537 Thread 0x000001ce8f54e800 DEOPT UNPACKING pc=0x000001ce80045843 sp=0x0000007bc8afe278 mode 2
Event: 3.539 Thread 0x000001ce8f54e800 Uncommon trap: trap_request=0xfffffff4 fr.pc=0x000001ce80b682f4
Event: 3.539 Thread 0x000001ce8f54e800 DEOPT PACKING pc=0x000001ce80b682f4 sp=0x0000007bc8afe300
Event: 3.539 Thread 0x000001ce8f54e800 DEOPT UNPACKING pc=0x000001ce80045843 sp=0x0000007bc8afe278 mode 2
Event: 3.543 Thread 0x000001ce8f54e800 DEOPT PACKING pc=0x000001ce80a2a723 sp=0x0000007bc8afe380
Event: 3.543 Thread 0x000001ce8f54e800 DEOPT UNPACKING pc=0x000001ce80047498 sp=0x0000007bc8afe108 mode 0
Event: 3.567 Thread 0x000001ce8f54e800 DEOPT PACKING pc=0x000001ce80a2a723 sp=0x0000007bc8afe380
Event: 3.568 Thread 0x000001ce8f54e800 DEOPT UNPACKING pc=0x000001ce80047498 sp=0x0000007bc8afe108 mode 0
Event: 3.571 Thread 0x000001ce8f54e800 DEOPT PACKING pc=0x000001ce80a2a723 sp=0x0000007bc8afe380
Event: 3.571 Thread 0x000001ce8f54e800 DEOPT UNPACKING pc=0x000001ce80047498 sp=0x0000007bc8afe108 mode 0


Dynamic libraries:
0x00007ff7d8240000 - 0x00007ff7d8287000 	C:\Program Files (x86)\Common Files\Oracle\Java\javapath\java.exe
0x00007ff94f410000 - 0x00007ff94f606000 	C:\WINDOWS\SYSTEM32\ntdll.dll
0x00007ff94e9c0000 - 0x00007ff94ea7d000 	C:\WINDOWS\System32\KERNEL32.DLL
0x00007ff94d010000 - 0x00007ff94d2d8000 	C:\WINDOWS\System32\KERNELBASE.dll
0x00007ff94e910000 - 0x00007ff94e9bc000 	C:\WINDOWS\System32\ADVAPI32.dll
0x00007ff94d810000 - 0x00007ff94d8ae000 	C:\WINDOWS\System32\msvcrt.dll
0x00007ff94eb50000 - 0x00007ff94ebeb000 	C:\WINDOWS\System32\sechost.dll
0x00007ff94de00000 - 0x00007ff94df24000 	C:\WINDOWS\System32\RPCRT4.dll
0x00007ff94d4f0000 - 0x00007ff94d690000 	C:\WINDOWS\System32\USER32.dll
0x00007ff94d330000 - 0x00007ff94d352000 	C:\WINDOWS\System32\win32u.dll
0x00007ff94ebf0000 - 0x00007ff94ec1a000 	C:\WINDOWS\System32\GDI32.dll
0x00007ff94d360000 - 0x00007ff94d469000 	C:\WINDOWS\System32\gdi32full.dll
0x00007ff94cc00000 - 0x00007ff94cc9d000 	C:\WINDOWS\System32\msvcp_win.dll
0x00007ff94cca0000 - 0x00007ff94cda0000 	C:\WINDOWS\System32\ucrtbase.dll
0x00007ff93eef0000 - 0x00007ff93f18b000 	C:\WINDOWS\WinSxS\amd64_microsoft.windows.common-controls_6595b64144ccf1df_6.0.19041.488_none_ca04af081b815d21\COMCTL32.dll
0x00007ff94f1f0000 - 0x00007ff94f220000 	C:\WINDOWS\System32\IMM32.DLL
0x00007ff9156e0000 - 0x00007ff9156f5000 	C:\Program Files\Java\jre1.8.0_271\bin\vcruntime140.dll
0x00007ff907a10000 - 0x00007ff907aab000 	C:\Program Files\Java\jre1.8.0_271\bin\msvcp140.dll
0x000000006f5d0000 - 0x000000006fe3f000 	C:\Program Files\Java\jre1.8.0_271\bin\server\jvm.dll
0x00007ff94e060000 - 0x00007ff94e068000 	C:\WINDOWS\System32\PSAPI.DLL
0x00007ff939290000 - 0x00007ff939299000 	C:\WINDOWS\SYSTEM32\WSOCK32.dll
0x00007ff9442c0000 - 0x00007ff9442e7000 	C:\WINDOWS\SYSTEM32\WINMM.dll
0x00007ff946bb0000 - 0x00007ff946bba000 	C:\WINDOWS\SYSTEM32\VERSION.dll
0x00007ff94d470000 - 0x00007ff94d4db000 	C:\WINDOWS\System32\WS2_32.dll
0x00007ff94aac0000 - 0x00007ff94aad2000 	C:\WINDOWS\SYSTEM32\kernel.appcore.dll
0x00007ff92a680000 - 0x00007ff92a690000 	C:\Program Files\Java\jre1.8.0_271\bin\verify.dll
0x00007ff90a5c0000 - 0x00007ff90a5eb000 	C:\Program Files\Java\jre1.8.0_271\bin\java.dll
0x00007ff915120000 - 0x00007ff915138000 	C:\Program Files\Java\jre1.8.0_271\bin\zip.dll
0x00007ff94e0d0000 - 0x00007ff94e811000 	C:\WINDOWS\System32\SHELL32.dll
0x00007ff94acc0000 - 0x00007ff94b455000 	C:\WINDOWS\SYSTEM32\windows.storage.dll
0x00007ff94ed00000 - 0x00007ff94f055000 	C:\WINDOWS\System32\combase.dll
0x00007ff94c5c0000 - 0x00007ff94c5ec000 	C:\WINDOWS\SYSTEM32\Wldp.dll
0x00007ff94ea80000 - 0x00007ff94eb2e000 	C:\WINDOWS\System32\SHCORE.dll
0x00007ff94d8b0000 - 0x00007ff94d905000 	C:\WINDOWS\System32\shlwapi.dll
0x00007ff94ca80000 - 0x00007ff94caa6000 	C:\WINDOWS\SYSTEM32\profapi.dll
0x00007ff914c10000 - 0x00007ff914c2c000 	C:\Program Files\Java\jre1.8.0_271\bin\net.dll
0x00007ff94c340000 - 0x00007ff94c3aa000 	C:\WINDOWS\system32\mswsock.dll
0x00007ff94c030000 - 0x00007ff94c0fb000 	C:\WINDOWS\SYSTEM32\DNSAPI.dll
0x00007ff94bfe0000 - 0x00007ff94c01b000 	C:\WINDOWS\SYSTEM32\IPHLPAPI.DLL
0x00007ff94d4e0000 - 0x00007ff94d4e8000 	C:\WINDOWS\System32\NSI.dll
0x00007ff945210000 - 0x00007ff94521a000 	C:\Windows\System32\rasadhlp.dll
0x00007ff93f340000 - 0x00007ff93f3bf000 	C:\WINDOWS\System32\fwpuclnt.dll
0x00007ff94cbd0000 - 0x00007ff94cbf7000 	C:\WINDOWS\System32\bcrypt.dll
0x00007ff9117e0000 - 0x00007ff9117f3000 	C:\Program Files\Java\jre1.8.0_271\bin\nio.dll
0x00007ff94c510000 - 0x00007ff94c528000 	C:\WINDOWS\SYSTEM32\CRYPTSP.dll
0x00007ff94bc60000 - 0x00007ff94bc94000 	C:\WINDOWS\system32\rsaenh.dll
0x00007ff94ca00000 - 0x00007ff94ca2e000 	C:\WINDOWS\SYSTEM32\USERENV.dll
0x00007ff94cb50000 - 0x00007ff94cbcf000 	C:\WINDOWS\System32\bcryptprimitives.dll
0x00007ff94c530000 - 0x00007ff94c53c000 	C:\WINDOWS\SYSTEM32\CRYPTBASE.dll
0x00007ff945ee0000 - 0x00007ff945ef7000 	C:\WINDOWS\SYSTEM32\dhcpcsvc6.DLL
0x00007ff946bc0000 - 0x00007ff946bdd000 	C:\WINDOWS\SYSTEM32\dhcpcsvc.DLL
0x00007ff906980000 - 0x00007ff906b14000 	C:\Program Files\Java\jre1.8.0_271\bin\awt.dll
0x00007ff94d740000 - 0x00007ff94d80d000 	C:\WINDOWS\System32\OLEAUT32.dll
0x00007ff94a430000 - 0x00007ff94a4c0000 	C:\WINDOWS\SYSTEM32\apphelp.dll
0x00007ff939be0000 - 0x00007ff939dc4000 	C:\WINDOWS\SYSTEM32\dbghelp.dll

VM Arguments:
java_command: org.languagetool.server.HTTPServer -p 8130
java_class_path (initial): C:\Users\ozanj\.cache\language_tool_python\LanguageTool-5.1\languagetool-server.jar
Launcher Type: SUN_STANDARD

Environment Variables:
PATH=C:\Users\ozanj\anaconda3;C:\Users\ozanj\anaconda3\Library\mingw-w64\bin;C:\Users\ozanj\anaconda3\Library\usr\bin;C:\Users\ozanj\anaconda3\Library\bin;C:\Users\ozanj\anaconda3\Scripts;C:\Users\ozanj\anaconda3\bin;C:\Users\ozanj\anaconda3\condabin;C:\Program Files (x86)\Common Files\Intel\Shared Libraries\redist\intel64\compiler;C:\Program Files (x86)\Common Files\Oracle\Java\javapath;C:\Windows\system32;C:\Windows;C:\Windows\System32\Wbem;C:\Windows\System32\WindowsPowerShell\v1.0;C:\Windows\System32\OpenSSH;C:\Program Files\NVIDIA Corporation\NVIDIA NGX;C:\Android;C:\Program Files\ffmpeg\bin;C:\Program Files\MATLAB\R2018a\runtime\win64;C:\Program Files\MATLAB\R2018a\bin;C:\Aldec\Active-HDL-Student-Edition\BIN;C:\Program Files (x86)\Ghdl\Bin;C:\EDA\gtkwave\bin;C:\Program Files\Java\jdk-13.0.1\bin;C:\Program Files\nodejs;C:\Users\ozanj\AppData\Local\Android\Sdk\platform-tools;C:\Program Files\Git\cmd;C:\WINDOWS\system32;C:\WINDOWS;C:\WINDOWS\System32\Wbem;C:\WINDOWS\System32\WindowsPowerShell\v1.0;C:\WINDOWS\System32\OpenSSH;C:\Users\ozanj\anaconda3;C:\Users\ozanj\anaconda3\Lib;C:\Users\ozanj\anaconda3\Scripts;C:\Program Files (x86)\QuickTime\QTSystem;C:\Users\ozanj\AppData\Local\Microsoft\WindowsApps;C:\Users\ozanj\AppData\Roaming\npm;C:\Users\ozanj\AppData\Local\Microsoft\WindowsApps;C:\Users\ozanj\AppData\Local\Programs\Microsoft VS Code\bin
USERNAME=ozanj
OS=Windows_NT
PROCESSOR_IDENTIFIER=AMD64 Family 23 Model 113 Stepping 0, AuthenticAMD



---------------  S Y S T E M  ---------------

OS: Windows 10.0 , 64 bit Build 19041 (10.0.19041.546)

CPU:total 12 (initial active 12) (12 cores per cpu, 1 threads per core) family 23 model 113 stepping 0, cmov, cx8, fxsr, mmx, sse, sse2, sse3, ssse3, sse4.1, sse4.2, popcnt, avx, avx2, aes, clmul, mmxext, 3dnowpref, lzcnt, sse4a, tsc, tscinvbit, tscinv, bmi1

Memory: 4k page, physical 16706128k(414944k free), swap 67037776k(553120k free)

vm_info: Java HotSpot(TM) 64-Bit Server VM (25.271-b09) for windows-amd64 JRE (1.8.0_271-b09), built on Sep 16 2020 19:14:59 by "" with MS VC++ 15.9 (VS2017)

time: Wed Dec  2 00:49:30 2020
timezone: Central Standard Time
elapsed time: 3.636995 seconds (0d 0h 0m 3s)

